This is pdfTeX, Version 3.141592653-2.6-1.40.22 (TeX Live 2022/dev/Debian) (preloaded format=pdflatex 2023.3.22)  25 APR 2023 11:26
entering extended mode
 restricted \write18 enabled.
 %&-line parsing enabled.
**Xeva.tex
(./Xeva.tex
LaTeX2e <2021-11-15> patch level 1
L3 programming layer <2022-01-21>
(/usr/share/texlive/texmf-dist/tex/latex/base/article.cls
Document Class: article 2021/10/04 v1.4n Standard LaTeX document class
(/usr/share/texlive/texmf-dist/tex/latex/base/size10.clo
File: size10.clo 2021/10/04 v1.4n Standard LaTeX file (size option)
)
\c@part=\count185
\c@section=\count186
\c@subsection=\count187
\c@subsubsection=\count188
\c@paragraph=\count189
\c@subparagraph=\count190
\c@figure=\count191
\c@table=\count192
\abovecaptionskip=\skip47
\belowcaptionskip=\skip48
\bibindent=\dimen138
)
(/usr/share/texlive/texmf-dist/tex/latex/graphics/graphicx.sty
Package: graphicx 2021/09/16 v1.2d Enhanced LaTeX Graphics (DPC,SPQR)

(/usr/share/texlive/texmf-dist/tex/latex/graphics/keyval.sty
Package: keyval 2014/10/28 v1.15 key=value parser (DPC)
\KV@toks@=\toks16
)
(/usr/share/texlive/texmf-dist/tex/latex/graphics/graphics.sty
Package: graphics 2021/03/04 v1.4d Standard LaTeX Graphics (DPC,SPQR)

(/usr/share/texlive/texmf-dist/tex/latex/graphics/trig.sty
Package: trig 2021/08/11 v1.11 sin cos tan (DPC)
)
(/usr/share/texlive/texmf-dist/tex/latex/graphics-cfg/graphics.cfg
File: graphics.cfg 2016/06/04 v1.11 sample graphics configuration
)
Package graphics Info: Driver file: pdftex.def on input line 107.

(/usr/share/texlive/texmf-dist/tex/latex/graphics-def/pdftex.def
File: pdftex.def 2020/10/05 v1.2a Graphics/color driver for pdftex
))
\Gin@req@height=\dimen139
\Gin@req@width=\dimen140
)
(/usr/share/texlive/texmf-dist/tex/latex/xcolor/xcolor.sty
Package: xcolor 2021/10/31 v2.13 LaTeX color extensions (UK)

(/usr/share/texlive/texmf-dist/tex/latex/graphics-cfg/color.cfg
File: color.cfg 2016/01/02 v1.6 sample color configuration
)
Package xcolor Info: Driver file: pdftex.def on input line 227.
Package xcolor Info: Model `cmy' substituted by `cmy0' on input line 1352.
Package xcolor Info: Model `hsb' substituted by `rgb' on input line 1356.
Package xcolor Info: Model `RGB' extended on input line 1368.
Package xcolor Info: Model `HTML' substituted by `rgb' on input line 1370.
Package xcolor Info: Model `Hsb' substituted by `hsb' on input line 1371.
Package xcolor Info: Model `tHsb' substituted by `hsb' on input line 1372.
Package xcolor Info: Model `HSB' substituted by `hsb' on input line 1373.
Package xcolor Info: Model `Gray' substituted by `gray' on input line 1374.
Package xcolor Info: Model `wave' substituted by `hsb' on input line 1375.
)
(/usr/share/texlive/texmf-dist/tex/latex/framed/framed.sty
Package: framed 2011/10/22 v 0.96: framed or shaded text with page breaks
\OuterFrameSep=\skip49
\fb@frw=\dimen141
\fb@frh=\dimen142
\FrameRule=\dimen143
\FrameSep=\dimen144
)
(/usr/share/texlive/texmf-dist/tex/latex/base/alltt.sty
Package: alltt 2021/01/29 v2.0g defines alltt environment
)
(/usr/share/texlive/texmf-dist/tex/latex/tcolorbox/tcolorbox.sty
Package: tcolorbox 2022/01/07 version 5.0.2 text color boxes

(/usr/share/texlive/texmf-dist/tex/latex/pgf/basiclayer/pgf.sty
(/usr/share/texlive/texmf-dist/tex/latex/pgf/utilities/pgfrcs.sty
(/usr/share/texlive/texmf-dist/tex/generic/pgf/utilities/pgfutil-common.tex
\pgfutil@everybye=\toks17
\pgfutil@tempdima=\dimen145
\pgfutil@tempdimb=\dimen146

(/usr/share/texlive/texmf-dist/tex/generic/pgf/utilities/pgfutil-common-lists.t
ex)) (/usr/share/texlive/texmf-dist/tex/generic/pgf/utilities/pgfutil-latex.def
\pgfutil@abb=\box50
) (/usr/share/texlive/texmf-dist/tex/generic/pgf/utilities/pgfrcs.code.tex
(/usr/share/texlive/texmf-dist/tex/generic/pgf/pgf.revision.tex)
Package: pgfrcs 2021/05/15 v3.1.9a (3.1.9a)
))
Package: pgf 2021/05/15 v3.1.9a (3.1.9a)

(/usr/share/texlive/texmf-dist/tex/latex/pgf/basiclayer/pgfcore.sty
(/usr/share/texlive/texmf-dist/tex/latex/pgf/systemlayer/pgfsys.sty
(/usr/share/texlive/texmf-dist/tex/generic/pgf/systemlayer/pgfsys.code.tex
Package: pgfsys 2021/05/15 v3.1.9a (3.1.9a)

(/usr/share/texlive/texmf-dist/tex/generic/pgf/utilities/pgfkeys.code.tex
\pgfkeys@pathtoks=\toks18
\pgfkeys@temptoks=\toks19

(/usr/share/texlive/texmf-dist/tex/generic/pgf/utilities/pgfkeysfiltered.code.t
ex
\pgfkeys@tmptoks=\toks20
))
\pgf@x=\dimen147
\pgf@y=\dimen148
\pgf@xa=\dimen149
\pgf@ya=\dimen150
\pgf@xb=\dimen151
\pgf@yb=\dimen152
\pgf@xc=\dimen153
\pgf@yc=\dimen154
\pgf@xd=\dimen155
\pgf@yd=\dimen156
\w@pgf@writea=\write3
\r@pgf@reada=\read2
\c@pgf@counta=\count193
\c@pgf@countb=\count194
\c@pgf@countc=\count195
\c@pgf@countd=\count196
\t@pgf@toka=\toks21
\t@pgf@tokb=\toks22
\t@pgf@tokc=\toks23
\pgf@sys@id@count=\count197
 (/usr/share/texlive/texmf-dist/tex/generic/pgf/systemlayer/pgf.cfg
File: pgf.cfg 2021/05/15 v3.1.9a (3.1.9a)
)
Driver file for pgf: pgfsys-pdftex.def

(/usr/share/texlive/texmf-dist/tex/generic/pgf/systemlayer/pgfsys-pdftex.def
File: pgfsys-pdftex.def 2021/05/15 v3.1.9a (3.1.9a)

(/usr/share/texlive/texmf-dist/tex/generic/pgf/systemlayer/pgfsys-common-pdf.de
f
File: pgfsys-common-pdf.def 2021/05/15 v3.1.9a (3.1.9a)
)))
(/usr/share/texlive/texmf-dist/tex/generic/pgf/systemlayer/pgfsyssoftpath.code.
tex
File: pgfsyssoftpath.code.tex 2021/05/15 v3.1.9a (3.1.9a)
\pgfsyssoftpath@smallbuffer@items=\count198
\pgfsyssoftpath@bigbuffer@items=\count199
)
(/usr/share/texlive/texmf-dist/tex/generic/pgf/systemlayer/pgfsysprotocol.code.
tex
File: pgfsysprotocol.code.tex 2021/05/15 v3.1.9a (3.1.9a)
))
(/usr/share/texlive/texmf-dist/tex/generic/pgf/basiclayer/pgfcore.code.tex
Package: pgfcore 2021/05/15 v3.1.9a (3.1.9a)

(/usr/share/texlive/texmf-dist/tex/generic/pgf/math/pgfmath.code.tex
(/usr/share/texlive/texmf-dist/tex/generic/pgf/math/pgfmathcalc.code.tex
(/usr/share/texlive/texmf-dist/tex/generic/pgf/math/pgfmathutil.code.tex)
(/usr/share/texlive/texmf-dist/tex/generic/pgf/math/pgfmathparser.code.tex
\pgfmath@dimen=\dimen157
\pgfmath@count=\count266
\pgfmath@box=\box51
\pgfmath@toks=\toks24
\pgfmath@stack@operand=\toks25
\pgfmath@stack@operation=\toks26
)
(/usr/share/texlive/texmf-dist/tex/generic/pgf/math/pgfmathfunctions.code.tex
(/usr/share/texlive/texmf-dist/tex/generic/pgf/math/pgfmathfunctions.basic.code
.tex)
(/usr/share/texlive/texmf-dist/tex/generic/pgf/math/pgfmathfunctions.trigonomet
ric.code.tex)
(/usr/share/texlive/texmf-dist/tex/generic/pgf/math/pgfmathfunctions.random.cod
e.tex)
(/usr/share/texlive/texmf-dist/tex/generic/pgf/math/pgfmathfunctions.comparison
.code.tex)
(/usr/share/texlive/texmf-dist/tex/generic/pgf/math/pgfmathfunctions.base.code.
tex)
(/usr/share/texlive/texmf-dist/tex/generic/pgf/math/pgfmathfunctions.round.code
.tex)
(/usr/share/texlive/texmf-dist/tex/generic/pgf/math/pgfmathfunctions.misc.code.
tex)
(/usr/share/texlive/texmf-dist/tex/generic/pgf/math/pgfmathfunctions.integerari
thmetics.code.tex)))
(/usr/share/texlive/texmf-dist/tex/generic/pgf/math/pgfmathfloat.code.tex
\c@pgfmathroundto@lastzeros=\count267
))
(/usr/share/texlive/texmf-dist/tex/generic/pgf/math/pgfint.code.tex)
(/usr/share/texlive/texmf-dist/tex/generic/pgf/basiclayer/pgfcorepoints.code.te
x
File: pgfcorepoints.code.tex 2021/05/15 v3.1.9a (3.1.9a)
\pgf@picminx=\dimen158
\pgf@picmaxx=\dimen159
\pgf@picminy=\dimen160
\pgf@picmaxy=\dimen161
\pgf@pathminx=\dimen162
\pgf@pathmaxx=\dimen163
\pgf@pathminy=\dimen164
\pgf@pathmaxy=\dimen165
\pgf@xx=\dimen166
\pgf@xy=\dimen167
\pgf@yx=\dimen168
\pgf@yy=\dimen169
\pgf@zx=\dimen170
\pgf@zy=\dimen171
)
(/usr/share/texlive/texmf-dist/tex/generic/pgf/basiclayer/pgfcorepathconstruct.
code.tex
File: pgfcorepathconstruct.code.tex 2021/05/15 v3.1.9a (3.1.9a)
\pgf@path@lastx=\dimen172
\pgf@path@lasty=\dimen173
)
(/usr/share/texlive/texmf-dist/tex/generic/pgf/basiclayer/pgfcorepathusage.code
.tex
File: pgfcorepathusage.code.tex 2021/05/15 v3.1.9a (3.1.9a)
\pgf@shorten@end@additional=\dimen174
\pgf@shorten@start@additional=\dimen175
)
(/usr/share/texlive/texmf-dist/tex/generic/pgf/basiclayer/pgfcorescopes.code.te
x
File: pgfcorescopes.code.tex 2021/05/15 v3.1.9a (3.1.9a)
\pgfpic=\box52
\pgf@hbox=\box53
\pgf@layerbox@main=\box54
\pgf@picture@serial@count=\count268
)
(/usr/share/texlive/texmf-dist/tex/generic/pgf/basiclayer/pgfcoregraphicstate.c
ode.tex
File: pgfcoregraphicstate.code.tex 2021/05/15 v3.1.9a (3.1.9a)
\pgflinewidth=\dimen176
)
(/usr/share/texlive/texmf-dist/tex/generic/pgf/basiclayer/pgfcoretransformation
s.code.tex
File: pgfcoretransformations.code.tex 2021/05/15 v3.1.9a (3.1.9a)
\pgf@pt@x=\dimen177
\pgf@pt@y=\dimen178
\pgf@pt@temp=\dimen179
)
(/usr/share/texlive/texmf-dist/tex/generic/pgf/basiclayer/pgfcorequick.code.tex
File: pgfcorequick.code.tex 2021/05/15 v3.1.9a (3.1.9a)
)
(/usr/share/texlive/texmf-dist/tex/generic/pgf/basiclayer/pgfcoreobjects.code.t
ex
File: pgfcoreobjects.code.tex 2021/05/15 v3.1.9a (3.1.9a)
)
(/usr/share/texlive/texmf-dist/tex/generic/pgf/basiclayer/pgfcorepathprocessing
.code.tex
File: pgfcorepathprocessing.code.tex 2021/05/15 v3.1.9a (3.1.9a)
)
(/usr/share/texlive/texmf-dist/tex/generic/pgf/basiclayer/pgfcorearrows.code.te
x
File: pgfcorearrows.code.tex 2021/05/15 v3.1.9a (3.1.9a)
\pgfarrowsep=\dimen180
)
(/usr/share/texlive/texmf-dist/tex/generic/pgf/basiclayer/pgfcoreshade.code.tex
File: pgfcoreshade.code.tex 2021/05/15 v3.1.9a (3.1.9a)
\pgf@max=\dimen181
\pgf@sys@shading@range@num=\count269
\pgf@shadingcount=\count270
)
(/usr/share/texlive/texmf-dist/tex/generic/pgf/basiclayer/pgfcoreimage.code.tex
File: pgfcoreimage.code.tex 2021/05/15 v3.1.9a (3.1.9a)

(/usr/share/texlive/texmf-dist/tex/generic/pgf/basiclayer/pgfcoreexternal.code.
tex
File: pgfcoreexternal.code.tex 2021/05/15 v3.1.9a (3.1.9a)
\pgfexternal@startupbox=\box55
))
(/usr/share/texlive/texmf-dist/tex/generic/pgf/basiclayer/pgfcorelayers.code.te
x
File: pgfcorelayers.code.tex 2021/05/15 v3.1.9a (3.1.9a)
)
(/usr/share/texlive/texmf-dist/tex/generic/pgf/basiclayer/pgfcoretransparency.c
ode.tex
File: pgfcoretransparency.code.tex 2021/05/15 v3.1.9a (3.1.9a)
)
(/usr/share/texlive/texmf-dist/tex/generic/pgf/basiclayer/pgfcorepatterns.code.
tex
File: pgfcorepatterns.code.tex 2021/05/15 v3.1.9a (3.1.9a)
)
(/usr/share/texlive/texmf-dist/tex/generic/pgf/basiclayer/pgfcorerdf.code.tex
File: pgfcorerdf.code.tex 2021/05/15 v3.1.9a (3.1.9a)
)))
(/usr/share/texlive/texmf-dist/tex/generic/pgf/modules/pgfmoduleshapes.code.tex
File: pgfmoduleshapes.code.tex 2021/05/15 v3.1.9a (3.1.9a)
\pgfnodeparttextbox=\box56
) (/usr/share/texlive/texmf-dist/tex/generic/pgf/modules/pgfmoduleplot.code.tex
File: pgfmoduleplot.code.tex 2021/05/15 v3.1.9a (3.1.9a)
)
(/usr/share/texlive/texmf-dist/tex/latex/pgf/compatibility/pgfcomp-version-0-65
.sty
Package: pgfcomp-version-0-65 2021/05/15 v3.1.9a (3.1.9a)
\pgf@nodesepstart=\dimen182
\pgf@nodesepend=\dimen183
)
(/usr/share/texlive/texmf-dist/tex/latex/pgf/compatibility/pgfcomp-version-1-18
.sty
Package: pgfcomp-version-1-18 2021/05/15 v3.1.9a (3.1.9a)
)) (/usr/share/texlive/texmf-dist/tex/latex/tools/verbatim.sty
Package: verbatim 2020-07-07 v1.5u LaTeX2e package for verbatim enhancements
\every@verbatim=\toks27
\verbatim@line=\toks28
\verbatim@in@stream=\read3
)
(/usr/share/texlive/texmf-dist/tex/latex/environ/environ.sty
Package: environ 2014/05/04 v0.3 A new way to define environments

(/usr/share/texlive/texmf-dist/tex/latex/trimspaces/trimspaces.sty
Package: trimspaces 2009/09/17 v1.1 Trim spaces around a token list
)
\@envbody=\toks29
)
(/usr/share/texlive/texmf-dist/tex/latex/etoolbox/etoolbox.sty
Package: etoolbox 2020/10/05 v2.5k e-TeX tools for LaTeX (JAW)
\etb@tempcnta=\count271
)
\tcb@titlebox=\box57
\tcb@upperbox=\box58
\tcb@lowerbox=\box59
\tcb@phantombox=\box60
\c@tcbbreakpart=\count272
\c@tcblayer=\count273
\c@tcolorbox@number=\count274
\tcb@temp=\box61
\tcb@temp=\box62
\tcb@temp=\box63
\tcb@temp=\box64
)
LaTeX Font Info:    Font shape `OT1/cmtt/bx/n' in size <10> not available
(Font)              Font shape `OT1/cmtt/m/n' tried instead on input line 59.

Overfull \hbox (17.24684pt too wide) in paragraph at lines 59--59
[]\OT1/cmtt/m/n/10 ## Error in loadNamespace(x): there is no package called 'Bi
ocStyle'[] 
 []


! LaTeX Error: Missing \begin{document}.

See the LaTeX manual or LaTeX Companion for explanation.
Type  H <return>  for immediate help.
 ...                                              
                                                  
l.64 \author[1
              ,2]{Arvind Mer}
You're in trouble here.  Try typing  <return>  to proceed.
If that doesn't work, type  X <return>  to quit.

! Undefined control sequence.
l.66 \affil
           [1]{Princess Margaret Cancer Centre, University Health Network, T...
The control sequence at the end of the top line
of your error message was never \def'ed. If you have
misspelled it (e.g., `\hobx'), type `I' and the correct
spelling (e.g., `I\hbox'). Otherwise just continue,
and I'll forget about whatever was undefined.

! Undefined control sequence.
l.67 \affil
           [2]{Department of Medical Biophysics, University of Toronto, Toro...
The control sequence at the end of the top line
of your error message was never \def'ed. If you have
misspelled it (e.g., `\hobx'), type `I' and the correct
spelling (e.g., `I\hbox'). Otherwise just continue,
and I'll forget about whatever was undefined.

! Undefined control sequence.
l.68 \affil
           [3]{Department of Computer Science, University of Toronto, Toront...
The control sequence at the end of the top line
of your error message was never \def'ed. If you have
misspelled it (e.g., `\hobx'), type `I' and the correct
spelling (e.g., `I\hbox'). Otherwise just continue,
and I'll forget about whatever was undefined.

! Undefined control sequence.
l.69 \affil
           [4]{Vector Institute, Toronto, Ontario, Canada}
The control sequence at the end of the top line
of your error message was never \def'ed. If you have
misspelled it (e.g., `\hobx'), type `I' and the correct
spelling (e.g., `I\hbox'). Otherwise just continue,
and I'll forget about whatever was undefined.

! Undefined control sequence.
l.70 \affil
           [5]{Ontario Institute for Cancer Research, Toronto, Ontario, Canada}
The control sequence at the end of the top line
of your error message was never \def'ed. If you have
misspelled it (e.g., `\hobx'), type `I' and the correct
spelling (e.g., `I\hbox'). Otherwise just continue,
and I'll forget about whatever was undefined.

(/usr/share/texlive/texmf-dist/tex/latex/upquote/upquote.sty
Package: upquote 2012/04/19 v1.3 upright-quote and grave-accent glyphs in verba
tim
)
(/usr/share/texlive/texmf-dist/tex/latex/l3backend/l3backend-pdftex.def
File: l3backend-pdftex.def 2022-01-12 L3 backend support: PDF output (pdfTeX)
\l__color_backend_stack_int=\count275
\l__pdf_internal_box=\box65
)
No file Xeva.aux.
\openout1 = `Xeva.aux'.

LaTeX Font Info:    Checking defaults for OML/cmm/m/it on input line 73.
LaTeX Font Info:    ... okay on input line 73.
LaTeX Font Info:    Checking defaults for OMS/cmsy/m/n on input line 73.
LaTeX Font Info:    ... okay on input line 73.
LaTeX Font Info:    Checking defaults for OT1/cmr/m/n on input line 73.
LaTeX Font Info:    ... okay on input line 73.
LaTeX Font Info:    Checking defaults for T1/cmr/m/n on input line 73.
LaTeX Font Info:    ... okay on input line 73.
LaTeX Font Info:    Checking defaults for TS1/cmr/m/n on input line 73.
LaTeX Font Info:    ... okay on input line 73.
LaTeX Font Info:    Checking defaults for OMX/cmex/m/n on input line 73.
LaTeX Font Info:    ... okay on input line 73.
LaTeX Font Info:    Checking defaults for U/cmr/m/n on input line 73.
LaTeX Font Info:    ... okay on input line 73.
(/usr/share/texlive/texmf-dist/tex/context/base/mkii/supp-pdf.mkii
[Loading MPS to PDF converter (version 2006.09.02).]
\scratchcounter=\count276
\scratchdimen=\dimen184
\scratchbox=\box66
\nofMPsegments=\count277
\nofMParguments=\count278
\everyMPshowfont=\toks30
\MPscratchCnt=\count279
\MPscratchDim=\dimen185
\MPnumerator=\count280
\makeMPintoPDFobject=\count281
\everyMPtoPDFconversion=\toks31
) (/usr/share/texlive/texmf-dist/tex/latex/epstopdf-pkg/epstopdf-base.sty
Package: epstopdf-base 2020-01-24 v2.11 Base part for package epstopdf
Package epstopdf-base Info: Redefining graphics rule for `.eps' on input line 4
85.

(/usr/share/texlive/texmf-dist/tex/latex/latexconfig/epstopdf-sys.cfg
File: epstopdf-sys.cfg 2010/07/13 v1.3 Configuration of (r)epstopdf for TeX Liv
e
))
[1

{/var/lib/texmf/fonts/map/pdftex/updmap/pdftex.map}]
LaTeX Font Info:    External font `cmex10' loaded for size
(Font)              <12> on input line 75.
LaTeX Font Info:    External font `cmex10' loaded for size
(Font)              <8> on input line 75.
LaTeX Font Info:    External font `cmex10' loaded for size
(Font)              <6> on input line 75.

No file Xeva.toc.
\tf@toc=\write4
\openout4 = `Xeva.toc'.

[2]
Overfull \hbox (11.99689pt too wide) in paragraph at lines 83--84
[]\OT1/cmtt/m/n/10 ## Warning: replacing previous import 'SummarizedExperiment:
:start'
 []


Overfull \hbox (1.49698pt too wide) in paragraph at lines 85--85
[]\OT1/cmtt/m/n/10 ## Warning: replacing previous import 'SummarizedExperiment:
:end'
 []


LaTeX Warning: Citation `MerXeva' on page 3 undefined on input line 90.


LaTeX Warning: Citation `gao2015high' on page 3 undefined on input line 132.


Overfull \hbox (1208.98645pt too wide) in paragraph at lines 147--147
[]\OT1/cmtt/m/n/10 ## model:best.response_published, time.best.response_publish
ed, best.avg.response_published, time.best.avg.response_published, timeToDouble
_published, time.last_published, mRECIST_published, mRECIST, best.response, bes
t.response.time, best.average.response, best.average.response.time, slope, AUC[
] 
 []


Overfull \hbox (69.74638pt too wide) in paragraph at lines 148--148
[]\OT1/cmtt/m/n/10 ## batch:slope.control, slope.treatment, angle, auc.control,
 auc.treatment, abc[] 
 []

[3]
! Undefined control sequence.
l.154 ...and the terminology used in the \Rpackage
                                                  {Xeva} package.
The control sequence at the end of the top line
of your error message was never \def'ed. If you have
misspelled it (e.g., `\hobx'), type `I' and the correct
spelling (e.g., `I\hbox'). Otherwise just continue,
and I'll forget about whatever was undefined.

! Undefined control sequence.
l.157 ... other terms that appear in the \Rpackage
                                                  {Xeva} package.
The control sequence at the end of the top line
of your error message was never \def'ed. If you have
misspelled it (e.g., `\hobx'), type `I' and the correct
spelling (e.g., `I\hbox'). Otherwise just continue,
and I'll forget about whatever was undefined.


LaTeX Warning: Reference `fig:1' on page 4 undefined on input line 166.

<images/Xeva_batch_2.pdf, id=22, 642.4pt x 311.1625pt>
File: images/Xeva_batch_2.pdf Graphic file (type pdf)
<use images/Xeva_batch_2.pdf>
Package pdftex.def Info: images/Xeva_batch_2.pdf  used on input line 170.
(pdftex.def)             Requested size: 345.0pt x 167.11363pt.

Overfull \hbox (22.4968pt too wide) in paragraph at lines 193--193
[]\OT1/cmtt/m/n/10 ##                model.id tissue   tissue.name patient.id  
      drug 
 []


Overfull \hbox (22.4968pt too wide) in paragraph at lines 194--194
[]\OT1/cmtt/m/n/10 ## X.1004.BG98 X.1004.BG98   BRCA Breast Cancer     X-1004  
    BGJ398[] 
 []


Overfull \hbox (22.4968pt too wide) in paragraph at lines 195--195
[]\OT1/cmtt/m/n/10 ## X.1004.biib X.1004.biib   BRCA Breast Cancer     X-1004 b
inimetinib[] 
 []


Overfull \hbox (22.4968pt too wide) in paragraph at lines 196--196
[]\OT1/cmtt/m/n/10 ## X.1004.BK20 X.1004.BK20   BRCA Breast Cancer     X-1004  
    BKM120[] 
 []


Overfull \hbox (22.4968pt too wide) in paragraph at lines 197--197
[]\OT1/cmtt/m/n/10 ## X.1004.BY19 X.1004.BY19   BRCA Breast Cancer     X-1004  
    BYL719[] 
 []

[4]
Overfull \hbox (17.24684pt too wide) in paragraph at lines 211--211
[]\OT1/cmtt/m/n/10 ##      model.id drug.join.name time volume body.weight volu
me.normal 
 []


Overfull \hbox (17.24684pt too wide) in paragraph at lines 212--212
[]\OT1/cmtt/m/n/10 ## 1 X.1004.BG98         BGJ398    0  199.7        28.2     
0.0000000[] 
 []


Overfull \hbox (17.24684pt too wide) in paragraph at lines 213--213
[]\OT1/cmtt/m/n/10 ## 2 X.1004.BG98         BGJ398    2  181.9        28.0    -
0.0891337[] 
 []


Overfull \hbox (17.24684pt too wide) in paragraph at lines 214--214
[]\OT1/cmtt/m/n/10 ## 3 X.1004.BG98         BGJ398    5  172.7        28.4    -
0.1352028[] 
 []


Overfull \hbox (17.24684pt too wide) in paragraph at lines 215--215
[]\OT1/cmtt/m/n/10 ## 4 X.1004.BG98         BGJ398    9  129.6        27.2    -
0.3510265[] 
 []


Overfull \hbox (17.24684pt too wide) in paragraph at lines 216--216
[]\OT1/cmtt/m/n/10 ## 5 X.1004.BG98         BGJ398   12   91.3        26.7    -
0.5428142[] 
 []


Overfull \hbox (17.24684pt too wide) in paragraph at lines 217--217
[]\OT1/cmtt/m/n/10 ## 6 X.1004.BG98         BGJ398   16  117.1        26.2    -
0.4136204[] 
 []

[5 <./images/Xeva_batch_2.pdf>]
<figure/plot1-1.pdf, id=74, 505.89pt x 505.89pt>
File: figure/plot1-1.pdf Graphic file (type pdf)
<use figure/plot1-1.pdf>
Package pdftex.def Info: figure/plot1-1.pdf  used on input line 266.
(pdftex.def)             Requested size: 289.07999pt x 289.08589pt.


LaTeX Warning: `h' float specifier changed to `ht'.


Overfull \hbox (85.49625pt too wide) in paragraph at lines 276--276
[][]\OT1/cmtt/m/n/10 plotPDX[][](brca,[] []batch[] []=[] []"X-4567.BKM120"[][],
[] []vol.normal[] []=[] []TRUE[][],[] []control.col[] []=[] []"#a6611a"[][],[][
] 
 []


Overfull \hbox (22.4968pt too wide) in paragraph at lines 277--277
[]        []\OT1/cmtt/m/n/10 treatment.col[] []=[] []"#018571"[][],[] []major.l
ine.size[] []=[] []1[][],[] []max.time[] []=[] []40[][])[][] 
 []

<figure/pdxplot2-1.pdf, id=75, 505.89pt x 505.89pt>
File: figure/pdxplot2-1.pdf Graphic file (type pdf)
<use figure/pdxplot2-1.pdf>
Package pdftex.def Info: figure/pdxplot2-1.pdf  used on input line 280.
(pdftex.def)             Requested size: 289.07999pt x 289.08589pt.

LaTeX Warning: `h' float specifier changed to `ht'.


Overfull \hbox (74.99634pt too wide) in paragraph at lines 291--291
[][]\OT1/cmtt/m/n/10 plotPDX[][](brca,[] []patient.id[][]=[][]"X-3078"[][],[] [
]drug[][]=[][]"paclitaxel"[][],[][]control.name[] []=[] []"untreated"[][])[][] 

 []

<figure/pdxplot3-1.pdf, id=76, 505.89pt x 505.89pt>
File: figure/pdxplot3-1.pdf Graphic file (type pdf)
<use figure/pdxplot3-1.pdf>
Package pdftex.def Info: figure/pdxplot3-1.pdf  used on input line 294.
(pdftex.def)             Requested size: 289.07999pt x 289.08589pt.

LaTeX Warning: `h' float specifier changed to `ht'.

[6]
<figure/repplot1-1.pdf, id=80, 505.89pt x 505.89pt>
File: figure/repplot1-1.pdf Graphic file (type pdf)
<use figure/repplot1-1.pdf>
Package pdftex.def Info: figure/repplot1-1.pdf  used on input line 310.
(pdftex.def)             Requested size: 289.07999pt x 289.08589pt.


LaTeX Warning: `h' float specifier changed to `ht'.

<figure/repplot2-1.pdf, id=81, 505.89pt x 505.89pt>
File: figure/repplot2-1.pdf Graphic file (type pdf)
<use figure/repplot2-1.pdf>
Package pdftex.def Info: figure/repplot2-1.pdf  used on input line 321.
(pdftex.def)             Requested size: 289.07999pt x 289.08589pt.

LaTeX Warning: `h' float specifier changed to `ht'.


Overfull \hbox (11.99689pt too wide) in paragraph at lines 329--329
[][]\OT1/cmtt/m/n/10 plotPDX[][](repdx,[] []batch[] []=[] []"P4"[][],[] []vol.n
ormal[] []=[] []TRUE[][],[]  []SE.plot[] []=[] []"ribbon"[][])[][] 
 []

<figure/repplot3-1.pdf, id=82, 505.89pt x 505.89pt>
File: figure/repplot3-1.pdf Graphic file (type pdf)
<use figure/repplot3-1.pdf>
Package pdftex.def Info: figure/repplot3-1.pdf  used on input line 332.
(pdftex.def)             Requested size: 289.07999pt x 289.08589pt.

LaTeX Warning: `h' float specifier changed to `ht'.

[7 <./figure/plot1-1.pdf>]

LaTeX Warning: Citation `MerXeva' on page 8 undefined on input line 352.


Overfull \hbox (29.8328pt too wide) in paragraph at lines 351--353
[]\OT1/cmr/m/n/10 mRECIST and as-so-ci-ated met-rics best.response (BR), best.a
verage.response
 []

[8 <./figure/pdxplot2-1.pdf>]

LaTeX Warning: Reference `visRes' on page 9 undefined on input line 380.

[9 <./figure/pdxplot3-1.pdf>]
! Undefined control sequence.
<argument> \hl 
               {response}
l.393 ...n \textbf{\textcolor{red}{\hl{response}}}
                                                  
The control sequence at the end of the top line
of your error message was never \def'ed. If you have
misspelled it (e.g., `\hobx'), type `I' and the correct
spelling (e.g., `I\hbox'). Otherwise just continue,
and I'll forget about whatever was undefined.

[10 <./figure/repplot1-1.pdf>]
! Undefined control sequence.
<argument> \hl 
               {setResponse}
l.428 ...textbf{\textcolor{red}{\hl{setResponse}}}
                                                    function.
The control sequence at the end of the top line
of your error message was never \def'ed. If you have
misspelled it (e.g., `\hobx'), type `I' and the correct
spelling (e.g., `I\hbox'). Otherwise just continue,
and I'll forget about whatever was undefined.

[11 <./figure/repplot2-1.pdf>]
Overfull \hbox (1.49698pt too wide) in paragraph at lines 435--435
[][]\OT1/cmtt/m/n/10 brca[]  []<-[] []setResponse[][](brca,[] []res.measure[] [
]=[] []"mRECIST"[][],[] []verbose[][]=[][]FALSE[][])[][] 
 []

[12 <./figure/repplot3-1.pdf>]
Overfull \hbox (74.99634pt too wide) in paragraph at lines 456--456
[][]\OT1/cmtt/m/n/10 r[] []<-[] []summarizeResponse[][](brca,[][]response.measu
re[][]=[][]"mRECIST"[][],[][]batch.id[][]=[][]"X-1004.BGJ398"[][])[][] 
 []


Overfull \hbox (74.99634pt too wide) in paragraph at lines 491--491
[][]\OT1/cmtt/m/n/10 plotmRECIST[][](brca.mr,[] []control.name[][]=[][]"untreat
ed"[][],[] []row_fontsize[][]=[][]13[][],[] []col_fontsize[][]=[][]12[][])[][] 

 []

<figure/mR_BRCA-1.pdf, id=152, 1018.80624pt x 563.10374pt>
File: figure/mR_BRCA-1.pdf Graphic file (type pdf)
<use figure/mR_BRCA-1.pdf>
Package pdftex.def Info: figure/mR_BRCA-1.pdf  used on input line 494.
(pdftex.def)             Requested size: 345.0pt x 190.68802pt.
[13 <./figure/mR_BRCA-1.pdf>]
Overfull \hbox (32.9967pt too wide) in paragraph at lines 505--505
[][]\OT1/cmtt/m/n/10 waterfall[][](brca,[] []drug[][]=[][]"binimetinib"[][],[] 
[]res.measure[][]=[][]"best.average.response"[][])[][] 
 []

<figure/waterFall1-1.pdf, id=164, 1018.80624pt x 563.10374pt>
File: figure/waterFall1-1.pdf Graphic file (type pdf)
<use figure/waterFall1-1.pdf>
Package pdftex.def Info: figure/waterFall1-1.pdf  used on input line 508.
(pdftex.def)             Requested size: 345.0pt x 190.68802pt.

Overfull \hbox (38.24666pt too wide) in paragraph at lines 528--528
[][]\OT1/cmtt/m/n/10 df[] []<-[] []summarizeResponse[][](brca,[] []response.mea
sure[] []=[] []"best.average.response"[][],[][] 
 []


Overfull \hbox (11.99689pt too wide) in paragraph at lines 536--536
[][]\OT1/cmtt/m/n/10 waterfall[][](df,[] []x[][]=[][]"model.id"[][],[] []y[][]=
[][]"best.average.response"[][],[] []type[][]=[][]"CDK13"[][])[][] 
 []

<figure/waterFall2-1.pdf, id=165, 1018.80624pt x 563.10374pt>
File: figure/waterFall2-1.pdf Graphic file (type pdf)
<use figure/waterFall2-1.pdf>
Package pdftex.def Info: figure/waterFall2-1.pdf  used on input line 539.
(pdftex.def)             Requested size: 345.0pt x 190.68802pt.

LaTeX Warning: `h' float specifier changed to `ht'.

! Undefined control sequence.
<argument> \hl 
               {response}
l.546 ...n \textbf{\textcolor{red}{\hl{response}}}
                                                   provides a unified interf...
The control sequence at the end of the top line
of your error message was never \def'ed. If you have
misspelled it (e.g., `\hobx'), type `I' and the correct
spelling (e.g., `I\hbox'). Otherwise just continue,
and I'll forget about whatever was undefined.

[14 <./figure/waterFall1-1.pdf>]
Overfull \hbox (27.74675pt too wide) in paragraph at lines 577--577
[]\OT1/cmtt/m/n/10 ##            (Intercept)                   time      exp.ty
petreatment[] 
 []


Overfull \hbox (27.74675pt too wide) in paragraph at lines 578--578
[]\OT1/cmtt/m/n/10 ##             5.32592390             0.03091321            
-0.28718018[] 
 []

[15 <./figure/waterFall2-1.pdf>]
Overfull \hbox (17.24684pt too wide) in paragraph at lines 604--604
[][]\OT1/cmtt/m/n/10 drugSensitivitySig[][]([][]object[][]=brca,[] []drug[][]=[
][]"tamoxifen"[][],[] []mDataType[][]=[][]"RNASeq"[][],[][] 
 []


Overfull \hbox (74.99634pt too wide) in paragraph at lines 605--605
[]                   []\OT1/cmtt/m/n/10 features[][]=[][]c[][]([][]1[][],[][]2[
][],[][]3[][],[][]4[][],[][]5[][]),[] []sensitivity.measure[][]=[][]"slope"[][]
,[] []fit[][]=[][]"lm"[][])[][] 
 []


Overfull \hbox (32.9967pt too wide) in paragraph at lines 609--609
[]\OT1/cmtt/m/n/10 ## Running for 38 samples with non NA sensitivity.measure an
d 5 features[] 
 []


Overfull \hbox (80.24629pt too wide) in paragraph at lines 610--610
[]\OT1/cmtt/m/n/10 ##   feature      drug    estimate        se  n       tstat 
      fstat    pvalue[] 
 []


Overfull \hbox (80.24629pt too wide) in paragraph at lines 611--611
[]\OT1/cmtt/m/n/10 ## 1  PIK3R6 tamoxifen  0.12174756 0.1654268 38  0.73596007 
0.541637222 0.4665236[] 
 []


Overfull \hbox (80.24629pt too wide) in paragraph at lines 612--612
[]\OT1/cmtt/m/n/10 ## 2   FGFR1 tamoxifen -0.16019355 0.1645143 38 -0.97373653 
0.948162830 0.3366852[] 
 []


Overfull \hbox (80.24629pt too wide) in paragraph at lines 613--613
[]\OT1/cmtt/m/n/10 ## 3   NTRK2 tamoxifen  0.16560706 0.1643653 38  1.00755487 
1.015166810 0.3203927[] 
 []


Overfull \hbox (80.24629pt too wide) in paragraph at lines 614--614
[]\OT1/cmtt/m/n/10 ## 4    AKT1 tamoxifen  0.00996873 0.1666584 38  0.05981535 
0.003577876 0.9526335[] 
 []


Overfull \hbox (80.24629pt too wide) in paragraph at lines 615--615
[]\OT1/cmtt/m/n/10 ## 5   FGFR4 tamoxifen  0.07953256 0.1661387 38  0.47871178 
0.229164971 0.6350385[] 
 []

[16]
Overfull \hbox (17.24684pt too wide) in paragraph at lines 639--639
[][]\OT1/cmtt/m/n/10 drugSensitivitySig[][]([][]object[][]=brca,[] []drug[][]=[
][]"tamoxifen"[][],[] []mDataType[][]=[][]"RNASeq"[][],[][] 
 []


Overfull \hbox (48.74657pt too wide) in paragraph at lines 641--641
[]                   []\OT1/cmtt/m/n/10 sensitivity.measure[][]=[][]"best.avera
ge.response"[][],[] []fit[] []=[] []"lm"[][])[][] 
 []


Overfull \hbox (32.9967pt too wide) in paragraph at lines 645--645
[]\OT1/cmtt/m/n/10 ## Running for 38 samples with non NA sensitivity.measure an
d 5 features[] 
 []


Overfull \hbox (80.24629pt too wide) in paragraph at lines 646--646
[]\OT1/cmtt/m/n/10 ##   feature      drug    estimate        se  n      tstat  
   fstat    pvalue df[] 
 []


Overfull \hbox (80.24629pt too wide) in paragraph at lines 647--647
[]\OT1/cmtt/m/n/10 ## 1  PIK3R6 tamoxifen  0.10155551 0.1658050 38  0.6124998 0
.3751559 0.5440570 36[] 
 []


Overfull \hbox (80.24629pt too wide) in paragraph at lines 648--648
[]\OT1/cmtt/m/n/10 ## 2   FGFR1 tamoxifen  0.25347267 0.1612238 38  1.5721794 2
.4717480 0.1246577 36[] 
 []


Overfull \hbox (80.24629pt too wide) in paragraph at lines 649--649
[]\OT1/cmtt/m/n/10 ## 3   NTRK2 tamoxifen  0.15268488 0.1647125 38  0.9269782 0
.8592885 0.3601112 36[] 
 []


Overfull \hbox (80.24629pt too wide) in paragraph at lines 650--650
[]\OT1/cmtt/m/n/10 ## 4    AKT1 tamoxifen -0.19722241 0.1633931 38 -1.2070422 1
.4569510 0.2352874 36[] 
 []


Overfull \hbox (80.24629pt too wide) in paragraph at lines 651--651
[]\OT1/cmtt/m/n/10 ## 5   FGFR4 tamoxifen -0.06903067 0.1662691 38 -0.4151744 0
.1723698 0.6804783 36[] 
 []


Overfull \hbox (17.24684pt too wide) in paragraph at lines 670--670
[][]\OT1/cmtt/m/n/10 drugSensitivitySig[][]([][]object[][]=brca,[] []drug[][]=[
][]"tamoxifen"[][],[] []mDataType[][]=[][]"RNASeq"[][],[][] 
 []


Overfull \hbox (64.49643pt too wide) in paragraph at lines 672--672
[]                   []\OT1/cmtt/m/n/10 sensitivity.measure[][]=[][]"best.avera
ge.response"[][],[] []fit[][]=[][]"pearson"[][])[][] 
 []


Overfull \hbox (32.9967pt too wide) in paragraph at lines 676--676
[]\OT1/cmtt/m/n/10 ## Running for 38 samples with non NA sensitivity.measure an
d 5 features[] 
 []

[17]
Overfull \hbox (42.24687pt too wide) in paragraph at lines 704--704
[][]\OT1/cmtt/m/n/10 model[][]=[][]read.csv[][]([][]system.file[][]([][]"extdat
a"[][],[] []"model.csv"[][],[] []package[] []=[] []"Xeva"[][]))[][] 
 []


Overfull \hbox (31.74696pt too wide) in paragraph at lines 726--726
[][]\OT1/cmtt/m/n/10 drug[][]=[][]read.csv[][]([][]system.file[][]([][]"extdata
"[][],[] []"drug.csv"[][],[] []package[] []=[] []"Xeva"[][]))[][] 
 []


Overfull \hbox (15.9971pt too wide) in paragraph at lines 730--730
[]\OT1/cmtt/m/n/10 ##       drug.id standard.name   treatment.target treatment.
type 
 []


Overfull \hbox (15.9971pt too wide) in paragraph at lines 731--731
[]\OT1/cmtt/m/n/10 ## 1 binimetinib   binimetinib MAP2K1,MAP2K2,MAPK         si
ngle[] 
 []


Overfull \hbox (15.9971pt too wide) in paragraph at lines 732--732
[]\OT1/cmtt/m/n/10 ## 2   untreated     untreated  UNKNOWN,Untreated         si
ngle[] 
 []


Overfull \hbox (78.99655pt too wide) in paragraph at lines 745--745
[][]\OT1/cmtt/m/n/10 experiment[][]=[][]read.csv[][]([][]system.file[][]([][]"e
xtdata"[][],[][]"experiments.csv"[][],[][]package[][]=[][]"Xeva"[][]))[][] 
 []

[18]
Overfull \hbox (63.24669pt too wide) in paragraph at lines 769--769
[][]\OT1/cmtt/m/n/10 expDesign[][]=[][]readRDS[][]([][]system.file[][]([][]"ext
data"[][],[][]"batch_list.rds"[][],[][]package[][]=[][]"Xeva"[][]))[][] 
 []


Overfull \hbox (47.49683pt too wide) in paragraph at lines 792--792
[][]\OT1/cmtt/m/n/10 RNASeq[][]=[][]readRDS[][]([][]system.file[][]([][]"extdat
a"[][],[] []"rnaseq.rds"[][],[] []package[] []=[] []"Xeva"[][]))[][] 
 []

[19]
Overfull \hbox (68.49664pt too wide) in paragraph at lines 821--821
[][]\OT1/cmtt/m/n/10 modToBiobaseMap[][]=[][]read.csv[][]([][]system.file[][]([
][]"extdata"[][],[][]"modelToExpressionMap.csv"[][],[][] 
 []


Overfull \hbox (22.4968pt too wide) in paragraph at lines 841--841
[][]\OT1/cmtt/m/n/10 xeva.set[][]=[][]createXevaSet[][]([][]name[][]=[][]"examp
le xevaSet"[][],[] []model[][]=model,[] []drug[][]=drug,[][] 
 []


Overfull \hbox (1.49698pt too wide) in paragraph at lines 842--842
[]                       []\OT1/cmtt/m/n/10 experiment[][]=experiment,[] []expD
esign[][]=expDesign,[][] 
 []

[20]
Overfull \hbox (59.24648pt too wide) in paragraph at lines 881--881
[][]\OT1/cmtt/m/n/10 xeva.set[]  []<-[] []setResponse[][](xeva.set,[] []res.mea
sure[] []=[] []c[][]([][]"mRECIST"[][]),[] []verbose[][]=[][]FALSE[][])[][] 
 []


LaTeX Warning: Reference `response' on page 21 undefined on input line 886.


LaTeX Warning: Reference `setresponse' on page 21 undefined on input line 886.

[21]
No file Xeva.bbl.

Overfull \hbox (27.74675pt too wide) in paragraph at lines 919--919
[]\OT1/cmtt/m/n/10 ## [1] stats     graphics  grDevices utils     datasets  met
hods   base[] 
 []


Overfull \hbox (1.49698pt too wide) in paragraph at lines 922--922
[]\OT1/cmtt/m/n/10 ## [1] ggplot2_3.4.1       Biobase_2.56.0      BiocGenerics_
0.42.0[] 
 []

[22]
Underfull \vbox (badness 10000) detected at line 989
 []


Underfull \vbox (badness 10000) detected at line 989
 []

[23] [24] (./Xeva.aux)

LaTeX Warning: There were undefined references.


LaTeX Warning: Label(s) may have changed. Rerun to get cross-references right.

 ) 
Here is how much of TeX's memory you used:
 11622 strings out of 480247
 242630 string characters out of 5896151
 521520 words of memory out of 5000000
 29377 multiletter control sequences out of 15000+600000
 475424 words of font info for 49 fonts, out of 8000000 for 9000
 14 hyphenation exceptions out of 8191
 83i,6n,80p,734b,471s stack positions out of 5000i,500n,10000p,200000b,80000s
 </home/arvind/.texlive2021/texmf-var/fonts/pk/ljfour/jknappen/ec/tcrm1000.60
0pk></usr/share/texlive/texmf-dist/fonts/type1/public/amsfonts/cm/cmbx10.pfb></
usr/share/texlive/texmf-dist/fonts/type1/public/amsfonts/cm/cmbx12.pfb></usr/sh
are/texlive/texmf-dist/fonts/type1/public/amsfonts/cm/cmitt10.pfb></usr/share/t
exlive/texmf-dist/fonts/type1/public/amsfonts/cm/cmr10.pfb></usr/share/texlive/
texmf-dist/fonts/type1/public/amsfonts/cm/cmr12.pfb></usr/share/texlive/texmf-d
ist/fonts/type1/public/amsfonts/cm/cmr17.pfb></usr/share/texlive/texmf-dist/fon
ts/type1/public/amsfonts/cm/cmssbx10.pfb></usr/share/texlive/texmf-dist/fonts/t
ype1/public/amsfonts/cm/cmti10.pfb></usr/share/texlive/texmf-dist/fonts/type1/p
ublic/amsfonts/cm/cmtt10.pfb>
Output written on Xeva.pdf (24 pages, 430013 bytes).
PDF statistics:
 253 PDF objects out of 1000 (max. 8388607)
 174 compressed objects within 2 object streams
 0 named destinations out of 1000 (max. 500000)
 63 words of extra memory for PDF output out of 10000 (max. 10000000)

